android/app/build/intermediates/manifest_merge_blame_file/debug/manifest-merger-blame-debug-report.txt
1<?xml version="1.0" encoding="utf-8"?>
2<manifest xmlns:android="http://schemas.android.com/apk/res/android"
3    package="nhs.gosh.bobi2"
4    android:versionCode="1"
5    android:versionName="1.0" >
6
7    <uses-sdk
8        android:minSdkVersion="21"
8-->src/main/AndroidManifest.xml
9        android:targetSdkVersion="29" />
9-->src/main/AndroidManifest.xml
10
11    <!-- Permissions -->
12
13    <uses-permission android:name="android.permission.INTERNET" />
13-->src/main/AndroidManifest.xml:47:5-67
13-->src/main/AndroidManifest.xml:47:22-64
14    <!-- Camera, Photos, input file -->
15    <uses-permission android:name="android.permission.READ_EXTERNAL_STORAGE" />
15-->src/main/AndroidManifest.xml:49:5-79
15-->src/main/AndroidManifest.xml:49:22-77
16    <uses-permission android:name="android.permission.WRITE_EXTERNAL_STORAGE" />
16-->src/main/AndroidManifest.xml:50:5-81
16-->src/main/AndroidManifest.xml:50:22-78
17    <!-- Geolocation API -->
18    <uses-permission android:name="android.permission.ACCESS_COARSE_LOCATION" />
18-->src/main/AndroidManifest.xml:52:5-81
18-->src/main/AndroidManifest.xml:52:22-78
19    <uses-permission android:name="android.permission.ACCESS_FINE_LOCATION" />
19-->src/main/AndroidManifest.xml:53:5-79
19-->src/main/AndroidManifest.xml:53:22-76
20
21    <uses-feature android:name="android.hardware.location.gps" />
21-->src/main/AndroidManifest.xml:54:5-66
21-->src/main/AndroidManifest.xml:54:19-63
22    <!-- Network API -->
23    <uses-permission android:name="android.permission.ACCESS_NETWORK_STATE" />
23-->src/main/AndroidManifest.xml:56:5-79
23-->src/main/AndroidManifest.xml:56:22-76
24    <!-- Navigator.getUserMedia -->
25    <!-- Video -->
26    <uses-permission android:name="android.permission.CAMERA" />
26-->src/main/AndroidManifest.xml:59:5-65
26-->src/main/AndroidManifest.xml:59:22-62
27    <!-- Audio -->
28    <uses-permission android:name="android.permission.RECORD_AUDIO" />
28-->src/main/AndroidManifest.xml:61:5-71
28-->src/main/AndroidManifest.xml:61:22-68
29    <uses-permission android:name="android.permission.MODIFY_AUDIO_SETTINGS" />
29-->src/main/AndroidManifest.xml:62:5-79
29-->src/main/AndroidManifest.xml:62:22-77
30
31    <uses-feature
31-->[:capacitor-android] AndroidManifest.xml:11:5-13:36
32        android:name="android.hardware.camera"
32-->[:capacitor-android] AndroidManifest.xml:12:9-47
33        android:required="false" />
33-->[:capacitor-android] AndroidManifest.xml:13:9-33
34
35    <uses-permission android:name="android.permission.RECEIVE_BOOT_COMPLETED" />
35-->[:capacitor-android] AndroidManifest.xml:15:5-81
35-->[:capacitor-android] AndroidManifest.xml:15:22-78
36    <uses-permission android:name="android.permission.WAKE_LOCK" />
36-->[:capacitor-android] AndroidManifest.xml:16:5-68
36-->[:capacitor-android] AndroidManifest.xml:16:22-65
37    <uses-permission android:name="android.permission.READ_CALENDAR" />
37-->[:capacitor-cordova-android-plugins] AndroidManifest.xml:12:5-72
37-->[:capacitor-cordova-android-plugins] AndroidManifest.xml:12:22-69
38    <uses-permission android:name="android.permission.WRITE_CALENDAR" /> <!-- Required by older versions of Google Play services to create IID tokens -->
38-->[:capacitor-cordova-android-plugins] AndroidManifest.xml:13:5-73
38-->[:capacitor-cordova-android-plugins] AndroidManifest.xml:13:22-70
39    <uses-permission android:name="com.google.android.c2dm.permission.RECEIVE" />
39-->[com.google.firebase:firebase-iid:20.1.1] AndroidManifest.xml:26:5-82
39-->[com.google.firebase:firebase-iid:20.1.1] AndroidManifest.xml:26:22-79
40
41    <application
41-->src/main/AndroidManifest.xml:5:5-43:19
42        android:allowBackup="true"
42-->src/main/AndroidManifest.xml:6:9-35
43        android:appComponentFactory="androidx.core.app.CoreComponentFactory"
43-->[androidx.core:core:1.2.0] AndroidManifest.xml:24:18-86
44        android:debuggable="true"
45        android:icon="@mipmap/ic_launcher"
45-->src/main/AndroidManifest.xml:7:9-43
46        android:label="@string/app_name"
46-->src/main/AndroidManifest.xml:8:9-41
47        android:roundIcon="@mipmap/ic_launcher_round"
47-->src/main/AndroidManifest.xml:9:9-54
48        android:supportsRtl="true"
48-->src/main/AndroidManifest.xml:10:9-35
49        android:testOnly="true"
50        android:theme="@style/AppTheme" >
50-->src/main/AndroidManifest.xml:11:9-40
51        <activity
51-->src/main/AndroidManifest.xml:13:9-32:20
52            android:name="nhs.gosh.bobi2.MainActivity"
52-->src/main/AndroidManifest.xml:15:13-55
53            android:configChanges="orientation|keyboardHidden|keyboard|screenSize|locale|smallestScreenSize|screenLayout|uiMode"
53-->src/main/AndroidManifest.xml:14:13-129
54            android:label="@string/title_activity_main"
54-->src/main/AndroidManifest.xml:16:13-56
55            android:launchMode="singleTask"
55-->src/main/AndroidManifest.xml:18:13-44
56            android:theme="@style/AppTheme.NoActionBarLaunch" >
56-->src/main/AndroidManifest.xml:17:13-62
57            <intent-filter>
57-->src/main/AndroidManifest.xml:20:13-23:29
58                <action android:name="android.intent.action.MAIN" />
58-->src/main/AndroidManifest.xml:21:17-69
58-->src/main/AndroidManifest.xml:21:25-66
59
60                <category android:name="android.intent.category.LAUNCHER" />
60-->src/main/AndroidManifest.xml:22:17-77
60-->src/main/AndroidManifest.xml:22:27-74
61            </intent-filter>
62            <intent-filter>
62-->src/main/AndroidManifest.xml:25:13-30:29
63                <action android:name="android.intent.action.VIEW" />
63-->src/main/AndroidManifest.xml:26:17-69
63-->src/main/AndroidManifest.xml:26:25-66
64
65                <category android:name="android.intent.category.DEFAULT" />
65-->src/main/AndroidManifest.xml:27:17-76
65-->src/main/AndroidManifest.xml:27:27-73
66                <category android:name="android.intent.category.BROWSABLE" />
66-->src/main/AndroidManifest.xml:28:17-78
66-->src/main/AndroidManifest.xml:28:27-75
67
68                <data android:scheme="@string/custom_url_scheme" />
68-->src/main/AndroidManifest.xml:29:17-68
68-->src/main/AndroidManifest.xml:29:23-65
69            </intent-filter>
70        </activity>
71
72        <provider
73            android:name="androidx.core.content.FileProvider"
73-->src/main/AndroidManifest.xml:35:13-62
74            android:authorities="nhs.gosh.bobi2.fileprovider"
74-->src/main/AndroidManifest.xml:36:13-64
75            android:exported="false"
75-->src/main/AndroidManifest.xml:37:13-37
76            android:grantUriPermissions="true" >
76-->src/main/AndroidManifest.xml:38:13-47
77            <meta-data
77-->src/main/AndroidManifest.xml:39:13-41:64
78                android:name="android.support.FILE_PROVIDER_PATHS"
78-->src/main/AndroidManifest.xml:40:17-67
79                android:resource="@xml/file_paths" />
79-->src/main/AndroidManifest.xml:41:17-51
80        </provider>
81
82        <service
82-->[:capacitor-android] AndroidManifest.xml:19:9-21:40
83            android:name="com.getcapacitor.plugin.background.BackgroundTaskService"
83-->[:capacitor-android] AndroidManifest.xml:20:13-84
84            android:exported="false" />
84-->[:capacitor-android] AndroidManifest.xml:21:13-37
85
86        <receiver android:name="com.getcapacitor.plugin.notification.TimedNotificationPublisher" />
86-->[:capacitor-android] AndroidManifest.xml:23:9-100
86-->[:capacitor-android] AndroidManifest.xml:23:19-97
87        <receiver android:name="com.getcapacitor.plugin.notification.NotificationDismissReceiver" />
87-->[:capacitor-android] AndroidManifest.xml:24:9-101
87-->[:capacitor-android] AndroidManifest.xml:24:19-98
88
89        <meta-data
89-->[:capacitor-android] AndroidManifest.xml:26:9-28:37
90            android:name="firebase_messaging_auto_init_enabled"
90-->[:capacitor-android] AndroidManifest.xml:27:13-64
91            android:value="false" />
91-->[:capacitor-android] AndroidManifest.xml:28:13-34
92
93        <service
93-->[:capacitor-android] AndroidManifest.xml:30:9-36:19
94            android:name="com.getcapacitor.CapacitorFirebaseMessagingService"
94-->[:capacitor-android] AndroidManifest.xml:31:13-78
95            android:stopWithTask="false" >
95-->[:capacitor-android] AndroidManifest.xml:32:13-41
96            <intent-filter>
96-->[:capacitor-android] AndroidManifest.xml:33:13-35:29
97                <action android:name="com.google.firebase.MESSAGING_EVENT" />
97-->[:capacitor-android] AndroidManifest.xml:34:17-78
97-->[:capacitor-android] AndroidManifest.xml:34:25-75
98            </intent-filter>
99        </service>
100
101        <receiver
101-->[:capacitor-android] AndroidManifest.xml:38:9-47:20
102            android:name="com.getcapacitor.plugin.notification.LocalNotificationRestoreReceiver"
102-->[:capacitor-android] AndroidManifest.xml:39:13-97
103            android:directBootAware="true"
103-->[:capacitor-android] AndroidManifest.xml:40:13-43
104            android:exported="false" >
104-->[:capacitor-android] AndroidManifest.xml:41:13-37
105            <intent-filter>
105-->[:capacitor-android] AndroidManifest.xml:42:13-46:29
106                <action android:name="android.intent.action.LOCKED_BOOT_COMPLETED" />
106-->[:capacitor-android] AndroidManifest.xml:43:17-86
106-->[:capacitor-android] AndroidManifest.xml:43:25-83
107                <action android:name="android.intent.action.BOOT_COMPLETED" />
107-->[:capacitor-android] AndroidManifest.xml:44:17-79
107-->[:capacitor-android] AndroidManifest.xml:44:25-76
108                <action android:name="android.intent.action.QUICKBOOT_POWERON" />
108-->[:capacitor-android] AndroidManifest.xml:45:17-82
108-->[:capacitor-android] AndroidManifest.xml:45:25-79
109            </intent-filter>
110        </receiver>
111        <receiver
111-->[:capacitor-cordova-android-plugins] AndroidManifest.xml:17:9-23:20
112            android:name="nl.xservices.plugins.ShareChooserPendingIntent"
112-->[:capacitor-cordova-android-plugins] AndroidManifest.xml:18:13-74
113            android:enabled="true" >
113-->[:capacitor-cordova-android-plugins] AndroidManifest.xml:19:13-35
114            <intent-filter>
114-->[:capacitor-cordova-android-plugins] AndroidManifest.xml:20:13-22:29
115                <action android:name="android.intent.action.SEND" />
115-->[:capacitor-cordova-android-plugins] AndroidManifest.xml:21:17-69
115-->[:capacitor-cordova-android-plugins] AndroidManifest.xml:21:25-66
116            </intent-filter>
117        </receiver>
118
119        <provider
119-->[:capacitor-cordova-android-plugins] AndroidManifest.xml:25:9-33:20
120            android:name="nl.xservices.plugins.FileProvider"
120-->[:capacitor-cordova-android-plugins] AndroidManifest.xml:26:13-61
121            android:authorities="nhs.gosh.bobi2.sharing.provider"
121-->[:capacitor-cordova-android-plugins] AndroidManifest.xml:27:13-68
122            android:exported="false"
122-->[:capacitor-cordova-android-plugins] AndroidManifest.xml:28:13-37
123            android:grantUriPermissions="true" >
123-->[:capacitor-cordova-android-plugins] AndroidManifest.xml:29:13-47
124            <meta-data
124-->src/main/AndroidManifest.xml:39:13-41:64
125                android:name="android.support.FILE_PROVIDER_PATHS"
125-->src/main/AndroidManifest.xml:40:17-67
126                android:resource="@xml/sharing_paths" />
126-->src/main/AndroidManifest.xml:41:17-51
127        </provider>
128        <!--
129             FirebaseMessagingService performs security checks at runtime,
130             but set to not exported to explicitly avoid allowing another app to call it.
131        -->
132        <service
132-->[com.google.firebase:firebase-messaging:20.1.2] AndroidManifest.xml:28:9-34:19
133            android:name="com.google.firebase.messaging.FirebaseMessagingService"
133-->[com.google.firebase:firebase-messaging:20.1.2] AndroidManifest.xml:29:13-82
134            android:exported="false" >
134-->[com.google.firebase:firebase-messaging:20.1.2] AndroidManifest.xml:30:13-37
135            <intent-filter android:priority="-500" >
135-->[:capacitor-android] AndroidManifest.xml:33:13-35:29
136                <action android:name="com.google.firebase.MESSAGING_EVENT" />
136-->[:capacitor-android] AndroidManifest.xml:34:17-78
136-->[:capacitor-android] AndroidManifest.xml:34:25-75
137            </intent-filter>
138        </service>
139        <service
139-->[com.google.firebase:firebase-messaging:20.1.2] AndroidManifest.xml:35:9-41:19
140            android:name="com.google.firebase.components.ComponentDiscoveryService"
140-->[com.google.firebase:firebase-messaging:20.1.2] AndroidManifest.xml:36:13-84
141            android:directBootAware="true"
141-->[com.google.firebase:firebase-common:19.3.0] AndroidManifest.xml:34:13-43
142            android:exported="false" >
142-->[com.google.firebase:firebase-messaging:20.1.2] AndroidManifest.xml:37:13-37
143            <meta-data
143-->[com.google.firebase:firebase-messaging:20.1.2] AndroidManifest.xml:38:13-40:85
144                android:name="com.google.firebase.components:com.google.firebase.messaging.FirebaseMessagingRegistrar"
144-->[com.google.firebase:firebase-messaging:20.1.2] AndroidManifest.xml:39:17-119
145                android:value="com.google.firebase.components.ComponentRegistrar" />
145-->[com.google.firebase:firebase-messaging:20.1.2] AndroidManifest.xml:40:17-82
146            <meta-data
146-->[com.google.firebase:firebase-datatransport:17.0.3] AndroidManifest.xml:28:13-30:85
147                android:name="com.google.firebase.components:com.google.firebase.datatransport.TransportRegistrar"
147-->[com.google.firebase:firebase-datatransport:17.0.3] AndroidManifest.xml:29:17-115
148                android:value="com.google.firebase.components.ComponentRegistrar" />
148-->[com.google.firebase:firebase-datatransport:17.0.3] AndroidManifest.xml:30:17-82
149            <meta-data
149-->[com.google.firebase:firebase-iid:20.1.1] AndroidManifest.xml:32:13-34:85
150                android:name="com.google.firebase.components:com.google.firebase.iid.Registrar"
150-->[com.google.firebase:firebase-iid:20.1.1] AndroidManifest.xml:33:17-96
151                android:value="com.google.firebase.components.ComponentRegistrar" />
151-->[com.google.firebase:firebase-iid:20.1.1] AndroidManifest.xml:34:17-82
152            <meta-data
152-->[com.google.firebase:firebase-installations:16.0.0] AndroidManifest.xml:17:13-19:85
153                android:name="com.google.firebase.components:com.google.firebase.installations.FirebaseInstallationsRegistrar"
153-->[com.google.firebase:firebase-installations:16.0.0] AndroidManifest.xml:18:17-127
154                android:value="com.google.firebase.components.ComponentRegistrar" />
154-->[com.google.firebase:firebase-installations:16.0.0] AndroidManifest.xml:19:17-82
155        </service>
156
157        <receiver
157-->[com.google.firebase:firebase-iid:20.1.1] AndroidManifest.xml:37:9-44:20
158            android:name="com.google.firebase.iid.FirebaseInstanceIdReceiver"
158-->[com.google.firebase:firebase-iid:20.1.1] AndroidManifest.xml:38:13-78
159            android:exported="true"
159-->[com.google.firebase:firebase-iid:20.1.1] AndroidManifest.xml:39:13-36
160            android:permission="com.google.android.c2dm.permission.SEND" >
160-->[com.google.firebase:firebase-iid:20.1.1] AndroidManifest.xml:40:13-73
161            <intent-filter>
161-->[com.google.firebase:firebase-iid:20.1.1] AndroidManifest.xml:41:13-43:29
162                <action android:name="com.google.android.c2dm.intent.RECEIVE" />
162-->[com.google.firebase:firebase-iid:20.1.1] AndroidManifest.xml:42:17-81
162-->[com.google.firebase:firebase-iid:20.1.1] AndroidManifest.xml:42:25-78
163            </intent-filter>
164        </receiver>
165
166        <provider
166-->[com.google.firebase:firebase-common:19.3.0] AndroidManifest.xml:26:9-30:39
167            android:name="com.google.firebase.provider.FirebaseInitProvider"
167-->[com.google.firebase:firebase-common:19.3.0] AndroidManifest.xml:27:13-77
168            android:authorities="nhs.gosh.bobi2.firebaseinitprovider"
168-->[com.google.firebase:firebase-common:19.3.0] AndroidManifest.xml:28:13-72
169            android:exported="false"
169-->[com.google.firebase:firebase-common:19.3.0] AndroidManifest.xml:29:13-37
170            android:initOrder="100" />
170-->[com.google.firebase:firebase-common:19.3.0] AndroidManifest.xml:30:13-36
171
172        <activity
172-->[com.google.android.gms:play-services-base:17.0.0] AndroidManifest.xml:23:9-26:75
173            android:name="com.google.android.gms.common.api.GoogleApiActivity"
173-->[com.google.android.gms:play-services-base:17.0.0] AndroidManifest.xml:24:13-79
174            android:exported="false"
174-->[com.google.android.gms:play-services-base:17.0.0] AndroidManifest.xml:25:13-37
175            android:theme="@android:style/Theme.Translucent.NoTitleBar" />
175-->[com.google.android.gms:play-services-base:17.0.0] AndroidManifest.xml:26:13-72
176
177        <meta-data
177-->[com.google.android.gms:play-services-basement:17.0.0] AndroidManifest.xml:23:9-25:69
178            android:name="com.google.android.gms.version"
178-->[com.google.android.gms:play-services-basement:17.0.0] AndroidManifest.xml:24:13-58
179            android:value="@integer/google_play_services_version" />
179-->[com.google.android.gms:play-services-basement:17.0.0] AndroidManifest.xml:25:13-66
180
181        <service
181-->[com.google.android.datatransport:transport-backend-cct:2.2.0] AndroidManifest.xml:29:9-35:19
182            android:name="com.google.android.datatransport.runtime.backends.TransportBackendDiscovery"
182-->[com.google.android.datatransport:transport-backend-cct:2.2.0] AndroidManifest.xml:30:13-103
183            android:exported="false" >
183-->[com.google.android.datatransport:transport-backend-cct:2.2.0] AndroidManifest.xml:31:13-37
184            <meta-data
184-->[com.google.android.datatransport:transport-backend-cct:2.2.0] AndroidManifest.xml:32:13-34:39
185                android:name="backend:com.google.android.datatransport.cct.CctBackendFactory"
185-->[com.google.android.datatransport:transport-backend-cct:2.2.0] AndroidManifest.xml:33:17-94
186                android:value="cct" />
186-->[com.google.android.datatransport:transport-backend-cct:2.2.0] AndroidManifest.xml:34:17-36
187        </service>
188        <service
188-->[com.google.android.datatransport:transport-runtime:2.2.0] AndroidManifest.xml:26:9-30:19
189            android:name="com.google.android.datatransport.runtime.scheduling.jobscheduling.JobInfoSchedulerService"
189-->[com.google.android.datatransport:transport-runtime:2.2.0] AndroidManifest.xml:27:13-117
190            android:exported="false"
190-->[com.google.android.datatransport:transport-runtime:2.2.0] AndroidManifest.xml:28:13-37
191            android:permission="android.permission.BIND_JOB_SERVICE" >
191-->[com.google.android.datatransport:transport-runtime:2.2.0] AndroidManifest.xml:29:13-69
192        </service>
193
194        <receiver
194-->[com.google.android.datatransport:transport-runtime:2.2.0] AndroidManifest.xml:32:9-34:40
195            android:name="com.google.android.datatransport.runtime.scheduling.jobscheduling.AlarmManagerSchedulerBroadcastReceiver"
195-->[com.google.android.datatransport:transport-runtime:2.2.0] AndroidManifest.xml:33:13-132
196            android:exported="false" />
196-->[com.google.android.datatransport:transport-runtime:2.2.0] AndroidManifest.xml:34:13-37
197    </application>
198
199</manifest>